<?xml version="1.0" encoding="UTF-8"?>
<!-- Generated by org.testng.reporters.JUnitReportReporter -->
<testsuite skipped="0" hostname="HDC2-D-CCTQXJ2" name="Demowebshop.Methods" tests="1" failures="0" timestamp="18 Oct 2019 11:41:45 GMT" time="10.163" errors="1">
  <testcase name="MethodndLinks" time="10.163" classname="Demowebshop.Methods">
    <error type="org.openqa.selenium.SessionNotCreatedException" message="session not created
from disconnected: received Inspector.detached event
  (Session info: chrome=77.0.3865.120)
Build info: version: &#039;3.141.59&#039;, revision: &#039;e82be7d358&#039;, time: &#039;2018-11-14T08:25:48&#039;
System info: host: &#039;HDC2-D-CCTQXJ2&#039;, ip: &#039;10.211.154.54&#039;, os.name: &#039;Windows 10&#039;, os.arch: &#039;amd64&#039;, os.version: &#039;10.0&#039;, java.version: &#039;1.8.0_221&#039;
Driver info: driver.version: MyDriver
remote stacktrace: Backtrace:
	Ordinal0 [0x013FEB13+1501971]
	Ordinal0 [0x0137F6D1+980689]
	Ordinal0 [0x0130765F+489055]
	Ordinal0 [0x013002B5+459445]
	Ordinal0 [0x012FFEA4+458404]
	Ordinal0 [0x012FFA1D+457245]
	Ordinal0 [0x012FF21D+455197]
	Ordinal0 [0x012FEDE4+454116]
	Ordinal0 [0x012FEDA5+454053]
	Ordinal0 [0x01306525+484645]
	Ordinal0 [0x012FED5C+453980]
	Ordinal0 [0x012FF6D1+456401]
	Ordinal0 [0x012FF21D+455197]
	Ordinal0 [0x012FEDE4+454116]
	Ordinal0 [0x012FEDA5+454053]
	Ordinal0 [0x01304ECE+478926]
	Ordinal0 [0x012FED5C+453980]
	Ordinal0 [0x012FF6D1+456401]
	Ordinal0 [0x012FF21D+455197]
	Ordinal0 [0x012FEDE4+454116]
	Ordinal0 [0x012FEDA5+454053]
	Ordinal0 [0x0130365B+472667]
	Ordinal0 [0x012FED5C+453980]
	Ordinal0 [0x012FF6D1+456401]
	Ordinal0 [0x012FF21D+455197]
	Ordinal0 [0x012FEDE4+454116]
	Ordinal0 [0x012FEDA5+454053]
	Ordinal0 [0x01302C67+470119]
	Ordinal0 [0x012FED5C+453980]
	Ordinal0 [0x012FF6D1+456401]
	Ordinal0 [0x012FF21D+455197]
	Ordinal0 [0x012FEDE4+454116]
	Ordinal0 [0x012FEDA5+454053]
	Ordinal0 [0x012FBA0C+440844]
	Ordinal0 [0x012FED5C+453980]
	Ordinal0 [0x012FEC44+453700]
	Ordinal0 [0x01308330+492336]
	Ordinal0 [0x012BA108+172296]
	Ordinal0 [0x012B942D+169005]
	Ordinal0 [0x012B78EB+162027]
	Ordinal0 [0x012A0AC7+68295]
	Ordinal0 [0x012A1B40+72512]
	Ordinal0 [0x012A1AD9+72409]
	Ordinal0 [0x01398F37+1085239]
	GetHandleVerifier [0x0149D7ED+503293]
	GetHandleVerifier [0x0149D580+502672]
	GetHandleVerifier [0x014A46AC+531644]
	GetHandleVerifier [0x0149DFFA+505354]
	Ordinal0 [0x01390606+1050118]
	Ordinal0 [0x0139047F+1049727]
	Ordinal0 [0x0139AF9B+1093531]
	Ordinal0 [0x0139B103+1093891]
	Ordinal0 [0x0139A095+1089685]
	BaseThreadInitThunk [0x77450419+25]
	RtlGetAppContainerNamedObjectPath [0x77A7662D+237]
	RtlGetAppContainerNamedObjectPath [0x77A765FD+189]
">
      <![CDATA[org.openqa.selenium.SessionNotCreatedException: session not created
from disconnected: received Inspector.detached event
  (Session info: chrome=77.0.3865.120)
Build info: version: '3.141.59', revision: 'e82be7d358', time: '2018-11-14T08:25:48'
System info: host: 'HDC2-D-CCTQXJ2', ip: '10.211.154.54', os.name: 'Windows 10', os.arch: 'amd64', os.version: '10.0', java.version: '1.8.0_221'
Driver info: driver.version: MyDriver
remote stacktrace: Backtrace:
Ordinal0 [0x013FEB13+1501971]
Ordinal0 [0x0137F6D1+980689]
Ordinal0 [0x0130765F+489055]
Ordinal0 [0x013002B5+459445]
Ordinal0 [0x012FFEA4+458404]
Ordinal0 [0x012FFA1D+457245]
Ordinal0 [0x012FF21D+455197]
Ordinal0 [0x012FEDE4+454116]
Ordinal0 [0x012FEDA5+454053]
Ordinal0 [0x01306525+484645]
Ordinal0 [0x012FED5C+453980]
Ordinal0 [0x012FF6D1+456401]
Ordinal0 [0x012FF21D+455197]
Ordinal0 [0x012FEDE4+454116]
Ordinal0 [0x012FEDA5+454053]
Ordinal0 [0x01304ECE+478926]
Ordinal0 [0x012FED5C+453980]
Ordinal0 [0x012FF6D1+456401]
Ordinal0 [0x012FF21D+455197]
Ordinal0 [0x012FEDE4+454116]
Ordinal0 [0x012FEDA5+454053]
Ordinal0 [0x0130365B+472667]
Ordinal0 [0x012FED5C+453980]
Ordinal0 [0x012FF6D1+456401]
Ordinal0 [0x012FF21D+455197]
Ordinal0 [0x012FEDE4+454116]
Ordinal0 [0x012FEDA5+454053]
Ordinal0 [0x01302C67+470119]
Ordinal0 [0x012FED5C+453980]
Ordinal0 [0x012FF6D1+456401]
Ordinal0 [0x012FF21D+455197]
Ordinal0 [0x012FEDE4+454116]
Ordinal0 [0x012FEDA5+454053]
Ordinal0 [0x012FBA0C+440844]
Ordinal0 [0x012FED5C+453980]
Ordinal0 [0x012FEC44+453700]
Ordinal0 [0x01308330+492336]
Ordinal0 [0x012BA108+172296]
Ordinal0 [0x012B942D+169005]
Ordinal0 [0x012B78EB+162027]
Ordinal0 [0x012A0AC7+68295]
Ordinal0 [0x012A1B40+72512]
Ordinal0 [0x012A1AD9+72409]
Ordinal0 [0x01398F37+1085239]
GetHandleVerifier [0x0149D7ED+503293]
GetHandleVerifier [0x0149D580+502672]
GetHandleVerifier [0x014A46AC+531644]
GetHandleVerifier [0x0149DFFA+505354]
Ordinal0 [0x01390606+1050118]
Ordinal0 [0x0139047F+1049727]
Ordinal0 [0x0139AF9B+1093531]
Ordinal0 [0x0139B103+1093891]
Ordinal0 [0x0139A095+1089685]
BaseThreadInitThunk [0x77450419+25]
RtlGetAppContainerNamedObjectPath [0x77A7662D+237]
RtlGetAppContainerNamedObjectPath [0x77A765FD+189]

at sun.reflect.NativeConstructorAccessorImpl.newInstance0(Native Method)
at sun.reflect.NativeConstructorAccessorImpl.newInstance(NativeConstructorAccessorImpl.java:62)
at sun.reflect.DelegatingConstructorAccessorImpl.newInstance(DelegatingConstructorAccessorImpl.java:45)
at java.lang.reflect.Constructor.newInstance(Constructor.java:423)
at org.openqa.selenium.remote.W3CHandshakeResponse.lambda$errorHandler$0(W3CHandshakeResponse.java:62)
at org.openqa.selenium.remote.HandshakeResponse.lambda$getResponseFunction$0(HandshakeResponse.java:30)
at org.openqa.selenium.remote.ProtocolHandshake.lambda$createSession$0(ProtocolHandshake.java:126)
at java.util.stream.ReferencePipeline$3$1.accept(ReferencePipeline.java:193)
at java.util.Spliterators$ArraySpliterator.tryAdvance(Spliterators.java:958)
at java.util.stream.ReferencePipeline.forEachWithCancel(ReferencePipeline.java:126)
at java.util.stream.AbstractPipeline.copyIntoWithCancel(AbstractPipeline.java:499)
at java.util.stream.AbstractPipeline.copyInto(AbstractPipeline.java:486)
at java.util.stream.AbstractPipeline.wrapAndCopyInto(AbstractPipeline.java:472)
at java.util.stream.FindOps$FindOp.evaluateSequential(FindOps.java:152)
at java.util.stream.AbstractPipeline.evaluate(AbstractPipeline.java:234)
at java.util.stream.ReferencePipeline.findFirst(ReferencePipeline.java:464)
at org.openqa.selenium.remote.ProtocolHandshake.createSession(ProtocolHandshake.java:128)
at org.openqa.selenium.remote.ProtocolHandshake.createSession(ProtocolHandshake.java:74)
at org.openqa.selenium.remote.HttpCommandExecutor.execute(HttpCommandExecutor.java:136)
at org.openqa.selenium.remote.service.DriverCommandExecutor.execute(DriverCommandExecutor.java:83)
at org.openqa.selenium.remote.RemoteWebDriver.execute(RemoteWebDriver.java:552)
at org.openqa.selenium.remote.RemoteWebDriver.startSession(RemoteWebDriver.java:213)
at org.openqa.selenium.remote.RemoteWebDriver.<init>(RemoteWebDriver.java:131)
at org.openqa.selenium.chrome.ChromeDriver.<init>(ChromeDriver.java:181)
at org.openqa.selenium.chrome.ChromeDriver.<init>(ChromeDriver.java:168)
at org.openqa.selenium.chrome.ChromeDriver.<init>(ChromeDriver.java:123)
at Demowebshop.MyDriver.getDriver(MyDriver.java:14)
at Demowebshop.Methods.MethodndLinks(Methods.java:14)
at sun.reflect.NativeMethodAccessorImpl.invoke0(Native Method)
at sun.reflect.NativeMethodAccessorImpl.invoke(NativeMethodAccessorImpl.java:62)
at sun.reflect.DelegatingMethodAccessorImpl.invoke(DelegatingMethodAccessorImpl.java:43)
at java.lang.reflect.Method.invoke(Method.java:498)
at org.testng.internal.MethodInvocationHelper.invokeMethod(MethodInvocationHelper.java:124)
at org.testng.internal.Invoker.invokeMethod(Invoker.java:583)
at org.testng.internal.Invoker.invokeTestMethod(Invoker.java:719)
at org.testng.internal.Invoker.invokeTestMethods(Invoker.java:989)
at org.testng.internal.TestMethodWorker.invokeTestMethods(TestMethodWorker.java:125)
at org.testng.internal.TestMethodWorker.run(TestMethodWorker.java:109)
at org.testng.TestRunner.privateRun(TestRunner.java:648)
at org.testng.TestRunner.run(TestRunner.java:505)
at org.testng.SuiteRunner.runTest(SuiteRunner.java:455)
at org.testng.SuiteRunner.runSequentially(SuiteRunner.java:450)
at org.testng.SuiteRunner.privateRun(SuiteRunner.java:415)
at org.testng.SuiteRunner.run(SuiteRunner.java:364)
at org.testng.SuiteRunnerWorker.runSuite(SuiteRunnerWorker.java:52)
at org.testng.SuiteRunnerWorker.run(SuiteRunnerWorker.java:84)
at org.testng.TestNG.runSuitesSequentially(TestNG.java:1208)
at org.testng.TestNG.runSuitesLocally(TestNG.java:1137)
at org.testng.TestNG.runSuites(TestNG.java:1049)
at org.testng.TestNG.run(TestNG.java:1017)
at org.testng.remote.AbstractRemoteTestNG.run(AbstractRemoteTestNG.java:114)
at org.testng.remote.RemoteTestNG.initAndRun(RemoteTestNG.java:251)
at org.testng.remote.RemoteTestNG.main(RemoteTestNG.java:77)
]]>
    </error>
  </testcase> <!-- MethodndLinks -->
</testsuite> <!-- Demowebshop.Methods -->
